<?xml version="1.0" encoding="UTF-8"?>
<!-- Generated by org.testng.reporters.JUnitReportReporter -->
<testsuite hostname="L-DEE-B710W93" failures="0" tests="1" name="tests.AddOwnersTest" time="1.504" errors="0" timestamp="2022-02-25T11:03:27 CET" skipped="0">
  <testcase classname="tests.AddOwnersTest" name="validAddOwnerTest" time="1.504"/>
  <system-out/>
</testsuite> <!-- tests.AddOwnersTest -->
