<?xml version="1.0" encoding="UTF-8"?>
<!-- Generated by org.testng.reporters.JUnitReportReporter -->
<testsuite hostname="L-DEE-B710W93" failures="0" tests="1" name="tests.EditOwnerTest" time="2.121" errors="0" timestamp="2022-02-24T13:04:30 CET" skipped="0">
  <testcase classname="tests.EditOwnerTest" name="validEditownerTest" time="2.121"/>
  <system-out/>
</testsuite> <!-- tests.EditOwnerTest -->
