<?xml version="1.0" encoding="UTF-8"?>
<!-- Generated by org.testng.reporters.JUnitReportReporter -->
<testsuite hostname="L-DEE-B710W93" failures="0" tests="1" name="tests.SearchForOwnerTest" time="0.604" errors="0" timestamp="2022-02-25T10:45:26 CET" skipped="0">
  <testcase classname="tests.SearchForOwnerTest" name="invalidSearch_NotExistOwner" time="0.604"/>
  <system-out/>
</testsuite> <!-- tests.SearchForOwnerTest -->
