<?xml version="1.0" encoding="UTF-8"?>
<!-- Generated by org.testng.reporters.JUnitReportReporter -->
<testsuite hostname="L-DEE-B710W93" failures="0" tests="1" name="tests.AddNewPetTest" time="1.295" errors="0" timestamp="2022-02-24T12:19:17 CET" skipped="0">
  <testcase classname="tests.AddNewPetTest" name="invalidAddUniquePetTest_ValidNameInvalidDateFormat" time="1.295"/>
  <system-out/>
</testsuite> <!-- tests.AddNewPetTest -->
