<?xml version="1.0" encoding="UTF-8"?>
<!-- Generated by org.testng.reporters.JUnitReportReporter -->
<testsuite hostname="L-DEE-B710W93" failures="0" tests="1" name="tests.NewVisitTest" time="2.602" errors="0" timestamp="2022-02-25T09:27:04 CET" skipped="0">
  <testcase classname="tests.NewVisitTest" name="cannotAddVisitDFNotCorrect" time="2.602"/>
  <system-out/>
</testsuite> <!-- tests.NewVisitTest -->
