<?xml version="1.0" encoding="UTF-8"?>
<!-- Generated by org.testng.reporters.JUnitReportReporter -->
<testsuite hostname="L-DEE-B710W93" failures="0" tests="1" name="tests.EditPetTest" time="2.522" errors="0" timestamp="2022-02-24T13:47:52 CET" skipped="0">
  <testcase classname="tests.EditPetTest" name="userCanEditPet" time="2.522"/>
  <system-out/>
</testsuite> <!-- tests.EditPetTest -->
